app/build/outputs/logs/manifest-merger-debug-report.txt
-- Merging decision tree log ---
manifest
ADDED from src\main\AndroidManifest.xml:2:1-66:12
	package
		ADDED from src\main\AndroidManifest.xml:3:5-25
		INJECTED from src\main\AndroidManifest.xml
		INJECTED from src\main\AndroidManifest.xml
	android:versionName
		ADDED from src\main\AndroidManifest.xml:5:5-30
		INJECTED from src\main\AndroidManifest.xml
		INJECTED from src\main\AndroidManifest.xml
	android:versionCode
		ADDED from src\main\AndroidManifest.xml:4:5-29
		INJECTED from src\main\AndroidManifest.xml
		INJECTED from src\main\AndroidManifest.xml
	xmlns:android
		ADDED from src\main\AndroidManifest.xml:2:11-69
uses-sdk
ADDED from src\main\AndroidManifest.xml:7:5-9:41
	android:targetSdkVersion
		ADDED from src\main\AndroidManifest.xml:9:9-38
		INJECTED from src\main\AndroidManifest.xml
		INJECTED from src\main\AndroidManifest.xml
	android:minSdkVersion
		ADDED from src\main\AndroidManifest.xml:8:9-34
		INJECTED from src\main\AndroidManifest.xml
		INJECTED from src\main\AndroidManifest.xml
uses-permission#com.android.vending.CHECK_LICENSE
ADDED from src\main\AndroidManifest.xml:11:5-73
	android:name
		ADDED from src\main\AndroidManifest.xml:11:22-70
uses-permission#android.permission.MODIFY_AUDIO_SETTINGS
ADDED from src\main\AndroidManifest.xml:12:5-80
	android:name
		ADDED from src\main\AndroidManifest.xml:12:22-77
uses-permission#android.permission.ACCESS_COARSE_LOCATION
ADDED from src\main\AndroidManifest.xml:13:5-81
	android:name
		ADDED from src\main\AndroidManifest.xml:13:22-78
uses-permission#android.permission.ACCESS_FINE_LOCATION
ADDED from src\main\AndroidManifest.xml:14:5-79
	android:name
		ADDED from src\main\AndroidManifest.xml:14:22-76
uses-permission#android.permission.WAKE_LOCK
ADDED from src\main\AndroidManifest.xml:15:5-68
	android:name
		ADDED from src\main\AndroidManifest.xml:15:22-65
uses-permission#android.permission.WRITE_EXTERNAL_STORAGE
ADDED from src\main\AndroidManifest.xml:16:5-81
	android:name
		ADDED from src\main\AndroidManifest.xml:16:22-78
uses-permission#android.permission.READ_EXTERNAL_STORAGE
ADDED from src\main\AndroidManifest.xml:17:5-80
	android:name
		ADDED from src\main\AndroidManifest.xml:17:22-77
uses-permission#android.permission.DISABLE_KEYGUARD
ADDED from src\main\AndroidManifest.xml:18:5-75
	android:name
		ADDED from src\main\AndroidManifest.xml:18:22-72
uses-permission#android.permission.INTERNET
ADDED from src\main\AndroidManifest.xml:19:5-67
	android:name
		ADDED from src\main\AndroidManifest.xml:19:22-64
uses-permission#android.permission.BLUETOOTH
ADDED from src\main\AndroidManifest.xml:20:5-68
	android:name
		ADDED from src\main\AndroidManifest.xml:20:22-65
uses-permission#android.permission.BLUETOOTH_ADMIN
ADDED from src\main\AndroidManifest.xml:21:5-74
	android:name
		ADDED from src\main\AndroidManifest.xml:21:22-71
uses-permission#com.android.vending.BILLING
ADDED from src\main\AndroidManifest.xml:22:5-67
	android:name
		ADDED from src\main\AndroidManifest.xml:22:22-64
application
ADDED from src\main\AndroidManifest.xml:24:5-64:19
	android:label
		ADDED from src\main\AndroidManifest.xml:26:9-39
	android:icon
		ADDED from src\main\AndroidManifest.xml:25:9-38
activity#org.avario.AVarioActivity
ADDED from src\main\AndroidManifest.xml:28:9-38:20
	android:screenOrientation
		ADDED from src\main\AndroidManifest.xml:31:13-49
	android:launchMode
		ADDED from src\main\AndroidManifest.xml:30:13-43
	android:theme
		ADDED from src\main\AndroidManifest.xml:32:13-46
	android:name
		ADDED from src\main\AndroidManifest.xml:29:13-43
intent-filter#android.intent.action.MAIN+android.intent.category.LAUNCHER
ADDED from src\main\AndroidManifest.xml:33:13-37:29
action#android.intent.action.MAIN
ADDED from src\main\AndroidManifest.xml:34:17-69
	android:name
		ADDED from src\main\AndroidManifest.xml:34:25-66
category#android.intent.category.LAUNCHER
ADDED from src\main\AndroidManifest.xml:36:17-77
	android:name
		ADDED from src\main\AndroidManifest.xml:36:27-74
activity#org.avario.inappbilling.DonateList
ADDED from src\main\AndroidManifest.xml:39:9-43:20
	android:screenOrientation
		ADDED from src\main\AndroidManifest.xml:42:13-49
	android:label
		ADDED from src\main\AndroidManifest.xml:41:13-43
	android:name
		ADDED from src\main\AndroidManifest.xml:40:13-52
activity#org.avario.ui.prefs.PreferencesMenu
ADDED from src\main\AndroidManifest.xml:44:9-48:20
	android:screenOrientation
		ADDED from src\main\AndroidManifest.xml:47:13-49
	android:label
		ADDED from src\main\AndroidManifest.xml:46:13-48
	android:name
		ADDED from src\main\AndroidManifest.xml:45:13-53
activity#org.avario.ui.tracks.TracksList
ADDED from src\main\AndroidManifest.xml:49:9-53:20
	android:screenOrientation
		ADDED from src\main\AndroidManifest.xml:52:13-49
	android:label
		ADDED from src\main\AndroidManifest.xml:51:13-48
	android:name
		ADDED from src\main\AndroidManifest.xml:50:13-49
activity#org.avario.ui.poi.PoiList
ADDED from src\main\AndroidManifest.xml:54:9-58:20
	android:screenOrientation
		ADDED from src\main\AndroidManifest.xml:57:13-49
	android:label
		ADDED from src\main\AndroidManifest.xml:56:13-40
	android:name
		ADDED from src\main\AndroidManifest.xml:55:13-43
activity#org.avario.ui.poi.PoiActivity
ADDED from src\main\AndroidManifest.xml:59:9-63:20
	android:screenOrientation
		ADDED from src\main\AndroidManifest.xml:62:13-49
	android:label
		ADDED from src\main\AndroidManifest.xml:61:13-40
	android:name
		ADDED from src\main\AndroidManifest.xml:60:13-47